make --dry-run --always-make --keep-going --print-directory
make: Entering directory '/home/user/Desktop/42/ft_printf'
mkdir -p build/
mkdir -p build//utils
echo "'\033[0;33m'Compiling: srcs/ft_printf.c '\033[0m'"
gcc -Wall -Wextra -Werror -c srcs/ft_printf.c -o build/ft_printf.o -I incs -I libft
echo "'\033[0;33m'Compiling: srcs/get_params.c '\033[0m'"
gcc -Wall -Wextra -Werror -c srcs/get_params.c -o build/get_params.o -I incs -I libft
echo "'\033[0;33m'Compiling: srcs/ft_putall.c '\033[0m'"
gcc -Wall -Wextra -Werror -c srcs/ft_putall.c -o build/ft_putall.o -I incs -I libft
echo "'\033[0;33m'Compiling: srcs/utils/ft_dowidth.c '\033[0m'"
gcc -Wall -Wextra -Werror -c srcs/utils/ft_dowidth.c -o build/utils/ft_dowidth.o -I incs -I libft
echo "'\033[0;33m'Compiling: srcs/print_c.c '\033[0m'"
gcc -Wall -Wextra -Werror -c srcs/print_c.c -o build/print_c.o -I incs -I libft
echo "'\033[0;33m'Compiling: srcs/print_id.c '\033[0m'"
gcc -Wall -Wextra -Werror -c srcs/print_id.c -o build/print_id.o -I incs -I libft
echo "'\033[0;33m'Compiling: srcs/print_p.c '\033[0m'"
gcc -Wall -Wextra -Werror -c srcs/print_p.c -o build/print_p.o -I incs -I libft
echo "'\033[0;33m'Compiling: srcs/print_s.c '\033[0m'"
gcc -Wall -Wextra -Werror -c srcs/print_s.c -o build/print_s.o -I incs -I libft
echo "'\033[0;33m'Compiling: srcs/print_u.c '\033[0m'"
gcc -Wall -Wextra -Werror -c srcs/print_u.c -o build/print_u.o -I incs -I libft
echo "'\033[0;33m'Compiling: srcs/print_x.c '\033[0m'"
gcc -Wall -Wextra -Werror -c srcs/print_x.c -o build/print_x.o -I incs -I libft
echo "'\033[0;33m'Compiling: srcs/utils/print_utils.c '\033[0m'"
gcc -Wall -Wextra -Werror -c srcs/utils/print_utils.c -o build/utils/print_utils.o -I incs -I libft
make -C libft
cp libft/libft.a libftprintf.a
echo "'\033[0;33m'Compile srcs files to libftprintf'\033[0m'"
ar rcs libftprintf.a build/ft_printf.o build/get_params.o build/ft_putall.o build/utils/ft_dowidth.o build/print_c.o build/print_id.o build/print_p.o build/print_s.o build/print_u.o build/print_x.o build/utils/print_utils.o
echo "'\033[0;32m'Done!'\033[0m'"
make: Leaving directory '/home/user/Desktop/42/ft_printf'
 
