make all --print-data-base --no-builtin-variables --no-builtin-rules --question
# GNU Make 4.2.1
# Built for x86_64-pc-linux-gnu
# Copyright (C) 1988-2016 Free Software Foundation, Inc.
# License GPLv3+: GNU GPL version 3 or later <http://gnu.org/licenses/gpl.html>
# This is free software: you are free to change and redistribute it.
# There is NO WARRANTY, to the extent permitted by law.

# Make data base, printed on Fri May 20 14:54:33 2022

# Variables

# 'override' directive
GNUMAKEFLAGS := 
# automatic
<D = $(patsubst %/,%,$(dir $<))
# automatic
?F = $(notdir $?)
# environment
DESKTOP_SESSION = ubuntu
# default
.SHELLFLAGS := -c
# environment
XDG_SESSION_CLASS = user
# environment
XDG_SESSION_TYPE = x11
# environment
VSCODE_LOG_NATIVE = false
# automatic
?D = $(patsubst %/,%,$(dir $?))
# environment
IM_CONFIG_PHASE = 1
# automatic
@D = $(patsubst %/,%,$(dir $@))
# environment
XAUTHORITY = /run/user/1000/gdm/Xauthority
# environment
GDMSESSION = ubuntu
# environment
XMODIFIERS = @im=ibus
# makefile
CURDIR := /home/user/Desktop/42/ft_printf
# makefile
SHELL = /bin/sh
# environment
VSCODE_NLS_CONFIG = {"locale":"en-us","availableLanguages":{},"_languagePackSupport":true}
# environment
_ = /usr/bin/dbus-update-activation-environment
# makefile (from 'Makefile', line 26)
BLUE = '\033[0;34m'
# environment
JOURNAL_STREAM = 8:50664
# environment
XDG_CONFIG_DIRS = /etc/xdg/xdg-ubuntu:/etc/xdg
# makefile (from 'Makefile', line 1)
MAKEFILE_LIST :=  Makefile
# automatic
@F = $(notdir $@)
# environment
GIO_LAUNCHED_DESKTOP_FILE = /usr/share/applications/code.desktop
# environment
USERNAME = user
# environment
MAKELEVEL := 0
# environment
MANDATORY_PATH = /usr/share/gconf/ubuntu.mandatory.path
# environment
XDG_DATA_DIRS = /usr/share/ubuntu:/usr/local/share/:/usr/share/:/var/lib/snapd/desktop
# environment
DBUS_SESSION_BUS_ADDRESS = unix:path=/run/user/1000/bus
# environment
VSCODE_VERBOSE_LOGGING = true
# makefile (from 'Makefile', line 43)
OBJS = $(addprefix $(BDIR), $(SRC_NAME:.c=.o))
# environment
MANAGERPID = 1649
# environment
VSCODE_IPC_HOOK_EXTHOST = /run/user/1000/vscode-ipc-bc116af3-6c8e-44de-9dba-3b69776af776.sock
# environment
LC_NAME = th_TH.UTF-8
# environment
VSCODE_CWD = /home/user
# default
MAKE_HOST := x86_64-pc-linux-gnu
# environment
PATH = /home/user/.local/bin:/home/user/bin:/usr/local/sbin:/usr/local/bin:/usr/sbin:/usr/bin:/sbin:/bin:/usr/games:/usr/local/games:/snap/bin
# makefile (from 'Makefile', line 44)
OBJF = .cache_exist
# environment
GPG_AGENT_INFO = /run/user/1000/gnupg/S.gpg-agent:0:1
# environment
GJS_DEBUG_OUTPUT = stderr
# environment
SESSION_MANAGER = local/user-TravelMate-P214-41:@/tmp/.ICE-unix/1904,unix/user-TravelMate-P214-41:/tmp/.ICE-unix/1904
# environment
XDG_RUNTIME_DIR = /run/user/1000
# environment
XDG_MENU_PREFIX = gnome-
# environment
VSCODE_LOG_STACK = false
# environment
ELECTRON_RUN_AS_NODE = 1
# environment
INVOCATION_ID = 3b33745080a641219dabeaf160bea4ad
# makefile (from 'Makefile', line 19)
LIB = libft
# default
.FEATURES := target-specific order-only second-expansion else-if shortest-stem undefine oneshell archives jobserver output-sync check-symlink load
# makefile (from 'Makefile', line 23)
DEFCOLOR = '\033[0m'
# environment
XDG_SESSION_DESKTOP = ubuntu
# environment
SSH_AUTH_SOCK = /run/user/1000/keyring/ssh
# environment
GIO_LAUNCHED_DESKTOP_FILE_PID = 15238
# automatic
%F = $(notdir $%)
# environment
DISPLAY = :0
# makefile (from 'Makefile', line 17)
BDIR = build/
# environment
VSCODE_PIPE_LOGGING = true
# environment
PWD = /home/user/Desktop/42/ft_printf
# default
.LOADED := 
# environment
SSH_AGENT_PID = 1838
# environment
ORIGINAL_XDG_CURRENT_DESKTOP = ubuntu:GNOME
# makefile (from 'Makefile', line 24)
GREEN = '\033[0;32m'
# environment
GTK_MODULES = gail:atk-bridge
# environment
VSCODE_AMD_ENTRYPOINT = vs/workbench/api/node/extensionHostProcess
# environment
HOME = /home/user
# environment
VSCODE_CODE_CACHE_PATH = /home/user/.config/Code/CachedData/57fd6d0195bb9b9d1b49f6da5db789060795de47
# environment
LOGNAME = user
# environment
APPLICATION_INSIGHTS_NO_DIAGNOSTIC_CHANNEL = 1
# automatic
+F = $(notdir $+)
# environment
VSCODE_HANDLES_UNCAUGHT_ERRORS = true
# environment
GNOME_DESKTOP_SESSION_ID = this-is-deprecated
# automatic
^D = $(patsubst %/,%,$(dir $^))
# environment
LC_TIME = th_TH.UTF-8
# default
MAKE = $(MAKE_COMMAND)
# default
MAKECMDGOALS := all
# environment
QT_IM_MODULE = ibus
# makefile (from 'Makefile', line 42)
SRCS = $(addprefix $(SDIR), $(SRC_NAME))
# environment
SHLVL = 0
# makefile (from 'Makefile', line 27)
WHITE = '\033[0;37m'
# makefile (from 'Makefile', line 15)
CC = gcc
# makefile (from 'Makefile', line 30)
SRC_NAME = ft_printf.c get_params.c ft_putall.c utils/ft_dowidth.c print_c.c print_id.c print_p.c print_s.c print_u.c print_x.c utils/print_utils.c 
# environment
GNOME_SHELL_SESSION_MODE = ubuntu
# default
MAKE_VERSION := 4.2.1
# environment
USER = user
# environment
LC_MONETARY = th_TH.UTF-8
# makefile
.DEFAULT_GOAL := all
# environment
XDG_CURRENT_DESKTOP = Unity
# makefile (from 'Makefile', line 14)
NAME = libftprintf.a
# automatic
%D = $(patsubst %/,%,$(dir $%))
# environment
LC_TELEPHONE = th_TH.UTF-8
# makefile (from 'Makefile', line 18)
SDIR = srcs/
# default
MAKE_COMMAND := make
# makefile (from 'Makefile', line 20)
INC = incs
# default
.VARIABLES := 
# automatic
*F = $(notdir $*)
# environment
VSCODE_IPC_HOOK = /run/user/1000/vscode-16068fa4-1.67.0-main.sock
# makefile
MAKEFLAGS = pqrR
# environment
MFLAGS = -pqrR
# automatic
*D = $(patsubst %/,%,$(dir $*))
# automatic
+D = $(patsubst %/,%,$(dir $+))
# makefile (from 'Makefile', line 25)
YELLOW = '\033[0;33m'
# environment
GDK_BACKEND = x11
# environment
LC_PAPER = th_TH.UTF-8
# environment
QT_ACCESSIBILITY = 1
# environment
DEFAULTS_PATH = /usr/share/gconf/ubuntu.default.path
# default
MAKEFILES := 
# environment
LC_NUMERIC = th_TH.UTF-8
# automatic
<F = $(notdir $<)
# environment
LC_MEASUREMENT = th_TH.UTF-8
# environment
LC_ALL = C
# environment
GJS_DEBUG_TOPICS = JS ERROR;JS LOG
# automatic
^F = $(notdir $^)
# default
SUFFIXES := 
# makefile (from 'Makefile', line 16)
FLAGS = -Wall -Wextra -Werror
# environment
CHROME_DESKTOP = code-url-handler.desktop
# environment
WINDOWPATH = 2
# default
.INCLUDE_DIRS = /usr/include /usr/include
# environment
LC_IDENTIFICATION = th_TH.UTF-8
# default
.RECIPEPREFIX := 
# environment
LC_ADDRESS = th_TH.UTF-8
# environment
LANG = C
# environment
VSCODE_PID = 15238
# variable set hash-table stats:
# Load=121/1024=12%, Rehash=0, Collisions=23/158=15%

# Pattern-specific Variable Values

# No pattern-specific variable values.

# Directories

# . (device 66306, inode 20316284): 11 files, no impossibilities.
# srcs (device 66306, inode 21104622): 8 files, no impossibilities so far.

# 19 files, no impossibilities in 2 directories.

# Implicit Rules

build/%.o: srcs/%.c | .cache_exist
#  recipe to execute (from 'Makefile', line 62):
		 @ echo "$(YELLOW)Compiling: $< $(DEFCOLOR)"
		 @ $(CC) $(FLAGS) -c $< -o $@ -I $(INC) -I $(LIB)

# 1 implicit rules, 0 (0.0%) terminal.

# Files

# Not a target:
build/utils/ft_dowidth.o:
 
#  Implicit rule search has not been done.
 
#  Modification time never checked.
#  File has not been updated.

all: libftprintf.a
#  Phony target (prerequisite of .PHONY).
#  Command line target.
#  Implicit rule search has not been done.
#  File does not exist.
#  File has been updated.
#  Needs to be updated (-q is set).
# variable set hash-table stats:
# Load=0/32=0%, Rehash=0, Collisions=0/5=0%

.PHONY: all clean fclean re
#  Implicit rule search has not been done.
#  Modification time never checked.
#  File has not been updated.

.cache_exist:
#  Implicit rule search has not been done.
#  Implicit/static pattern stem: ''
#  File does not exist.
#  File has been updated.
#  Needs to be updated (-q is set).
# automatic
# @ := .cache_exist
# automatic
# % := 
# automatic
# * := 
# automatic
# + := 
# automatic
# | := 
# automatic
# < := 
# automatic
# ^ := 
# automatic
# ? := 
# variable set hash-table stats:
# Load=8/32=25%, Rehash=0, Collisions=1/13=8%
#  recipe to execute (from 'Makefile', line 66):
		 @ mkdir -p $(BDIR)
		 @ mkdir -p $(BDIR)/utils

# Not a target:
.SUFFIXES:
#  Implicit rule search has not been done.
#  Modification time never checked.
#  File has not been updated.

# Not a target:
Makefile:
#  Implicit rule search has been done.
#  Last modified 2022-05-19 23:31:46.947974958
#  File has been updated.
#  Successfully updated.

# Not a target:
build/print_c.o:
#  Implicit rule search has not been done.
#  Modification time never checked.
#  File has not been updated.

# Not a target:
build/print_x.o:
#  Implicit rule search has not been done.
#  Modification time never checked.
#  File has not been updated.

test: re
#  Implicit rule search has not been done.
#  Modification time never checked.
#  File has not been updated.
#  recipe to execute (from 'Makefile', line 90):
	@$(CC) $(FLAGS) -o khaoniao.out -L . lftprintf main.c 
	@echo "$(GREEN)=== Credit TSOMSA (viruskizz github) Thanks ===$(DEFCOLOR)"
	@echo "$(BLUE)=== KHAONIAO ===$(DEFCOLOR)"

# Not a target:
build/utils/print_utils.o:
#  Implicit rule search has not been done.
#  Modification time never checked.
#  File has not been updated.

build/ft_printf.o: srcs/ft_printf.c | .cache_exist
#  Implicit rule search has been done.
#  Implicit/static pattern stem: 'ft_printf'
#  File does not exist.
#  File has been updated.
#  Needs to be updated (-q is set).
# variable set hash-table stats:
# Load=0/32=0%, Rehash=0, Collisions=0/5=0%
#  recipe to execute (from 'Makefile', line 62):
		 @ echo "$(YELLOW)Compiling: $< $(DEFCOLOR)"
		 @ $(CC) $(FLAGS) -c $< -o $@ -I $(INC) -I $(LIB)

rebonus: fclean bonus
#  Implicit rule search has not been done.
#  Modification time never checked.
#  File has not been updated.

bonus: all
#  Implicit rule search has not been done.
#  Modification time never checked.
#  File has not been updated.

fclean: clean
#  Phony target (prerequisite of .PHONY).
#  Implicit rule search has not been done.
#  File does not exist.
#  File has not been updated.
#  recipe to execute (from 'Makefile', line 77):
		 @ rm -f $(NAME)
		 @ make fclean -C $(LIB)
		 @ echo "$(BLUE)All libraries removed$(DEFCOLOR)"

# Not a target:
build/print_u.o:
#  Implicit rule search has not been done.
#  Modification time never checked.
#  File has not been updated.

# Not a target:
build/ft_putall.o:
#  Implicit rule search has not been done.
#  Modification time never checked.
#  File has not been updated.

norm:
#  Implicit rule search has not been done.
#  Modification time never checked.
#  File has not been updated.
#  recipe to execute (from 'Makefile', line 87):
		 @ norminette $(SRCS) $(INC) $(LIB) | grep -v Norme -B1 || true

# Not a target:
.DEFAULT:
#  Implicit rule search has not been done.
#  Modification time never checked.
#  File has not been updated.

# Not a target:
srcs/ft_printf.c:
#  Implicit rule search has been done.
#  Last modified 2022-05-19 22:51:38.250625945
#  File has been updated.
#  Successfully updated.

# Not a target:
build/print_p.o:
#  Implicit rule search has not been done.
#  Modification time never checked.
#  File has not been updated.

re: fclean all
#  Phony target (prerequisite of .PHONY).
#  Implicit rule search has not been done.
#  File does not exist.
#  File has not been updated.
#  recipe to execute (from 'Makefile', line 82):
		 @ echo "$(GREEN)Ft_printf succesfully rebuilded$(DEFCOLOR)"

clean:
#  Phony target (prerequisite of .PHONY).
#  Implicit rule search has not been done.
#  File does not exist.
#  File has not been updated.
#  recipe to execute (from 'Makefile', line 72):
		 @ rm -rf $(BDIR)
		 @ make clean -C $(LIB)
		 @ echo "$(BLUE)Object files removed$(DEFCOLOR)"

# Not a target:
build/print_s.o:
#  Implicit rule search has not been done.
#  Modification time never checked.
#  File has not been updated.

# Not a target:
build/print_id.o:
#  Implicit rule search has not been done.
#  Modification time never checked.
#  File has not been updated.

testmem: re
#  Implicit rule search has not been done.
#  Modification time never checked.
#  File has not been updated.
#  recipe to execute (from 'Makefile', line 95):
	@$(CC) $(FLAGS) -o khaoniao.out -L . -lftprintf main.c
	@echo "$(BLUE)=== KHAONIAO ===$(DEFCOLOR)"
	@valgrind -q --leak-check=full --track-origins=yes ./khaoniao.out

# Not a target:
build/get_params.o:
#  Implicit rule search has not been done.
#  Modification time never checked.
#  File has not been updated.

libftprintf.a: build/ft_printf.o build/get_params.o build/ft_putall.o build/utils/ft_dowidth.o build/print_c.o build/print_id.o build/print_p.o build/print_s.o build/print_u.o build/print_x.o build/utils/print_utils.o
#  Implicit rule search has not been done.
#  File does not exist.
#  File has been updated.
#  Needs to be updated (-q is set).
# variable set hash-table stats:
# Load=0/32=0%, Rehash=0, Collisions=0/5=0%
#  recipe to execute (from 'Makefile', line 55):
		 @ make -C $(LIB)
		 @ cp $(LIB)/libft.a $(NAME)
		 @ echo "$(YELLOW)Compile srcs files to libftprintf$(DEFCOLOR)"
		 @ ar rcs $(NAME) $(OBJS)
		 @ echo "$(GREEN)Done!$(DEFCOLOR)"

# files hash-table stats:
# Load=27/1024=3%, Rehash=0, Collisions=2/69=3%
# VPATH Search Paths

# No 'vpath' search paths.

# No general ('VPATH' variable) search path.

# strcache buffers: 1 (0) / strings = 48 / storage = 508 B / avg = 10 B
# current buf: size = 8162 B / used = 508 B / count = 48 / avg = 10 B

# strcache performance: lookups = 85 / hit rate = 43%
# hash-table stats:
# Load=48/8192=1%, Rehash=0, Collisions=3/85=4%
# Finished Make data base on Fri May 20 14:54:33 2022

 
